[I 07:42:02.603 NotebookApp] JupyterLab alpha preview extension loaded from /root/anaconda2/lib/python2.7/site-packages/jupyterlab
JupyterLab v0.27.0
Known labextensions:
[I 07:42:02.604 NotebookApp] Running the core application with no additional extensions or settings
[I 07:42:02.609 NotebookApp] Serving notebooks from local directory: /root/scripts/COVID-19/jupyter
[I 07:42:02.609 NotebookApp] 0 active kernels 
[I 07:42:02.610 NotebookApp] The Jupyter Notebook is running at: http://0.0.0.0:8888/?token=7ea8acf0c873fc7d8021e00a981a9efa435ea24e5d51e586
[I 07:42:02.610 NotebookApp] Use Control-C to stop this server and shut down all kernels (twice to skip confirmation).
[W 07:42:02.610 NotebookApp] No web browser found: could not locate runnable browser.
[C 07:42:02.610 NotebookApp] 
    
    Copy/paste this URL into your browser when you connect for the first time,
    to login with a token:
        http://0.0.0.0:8888/?token=7ea8acf0c873fc7d8021e00a981a9efa435ea24e5d51e586
[I 07:42:06.760 NotebookApp] Interrupted...
[I 07:42:06.760 NotebookApp] Shutting down kernels
[I 07:43:13.867 NotebookApp] JupyterLab alpha preview extension loaded from /root/anaconda2/lib/python2.7/site-packages/jupyterlab
JupyterLab v0.27.0
Known labextensions:
[I 07:43:13.868 NotebookApp] Running the core application with no additional extensions or settings
[I 07:43:13.873 NotebookApp] Serving notebooks from local directory: /root/scripts/COVID-19/jupyter
[I 07:43:13.873 NotebookApp] 0 active kernels 
[I 07:43:13.873 NotebookApp] The Jupyter Notebook is running at: http://0.0.0.0:8888/?token=ce8791bece9ea97fe6043cd3fbcaedbf27448dba03593f6b
[I 07:43:13.873 NotebookApp] Use Control-C to stop this server and shut down all kernels (twice to skip confirmation).
[W 07:43:13.874 NotebookApp] No web browser found: could not locate runnable browser.
[C 07:43:13.874 NotebookApp] 
    
    Copy/paste this URL into your browser when you connect for the first time,
    to login with a token:
        http://0.0.0.0:8888/?token=ce8791bece9ea97fe6043cd3fbcaedbf27448dba03593f6b
[I 07:43:15.000 NotebookApp] Interrupted...
[I 07:43:15.001 NotebookApp] Shutting down kernels
